<?xml version="1.0" encoding="UTF-8"?>
<testsuite xmlns:xsi="http://www.w3.org/2001/XMLSchema-instance" xsi:noNamespaceSchemaLocation="https://maven.apache.org/surefire/maven-surefire-plugin/xsd/surefire-test-report.xsd" name="TestSuite" time="6.634" tests="2" errors="0" skipped="0" failures="0">
  <properties>
[...]
</properties>
  <testcase name="test1" classname="com.CFAAutomation.tests.TC_Campign_Tests" time="0.019"/>
  <testcase name="test2" classname="com.CFAAutomation.tests.TC_Campign_Tests" time="0"/>
</testsuite>