<?xml version="1.0" encoding="UTF-8"?>
<testng-results skipped="0" failed="0" ignored="0" total="2" passed="2">
  <reporter-output>
  </reporter-output>
  <suite name="Suite" duration-ms="147" started-at="2021-03-09T09:35:01 IST" finished-at="2021-03-09T09:35:01 IST">
    <groups>
    </groups>
    <test name="Test" duration-ms="147" started-at="2021-03-09T09:35:01 IST" finished-at="2021-03-09T09:35:01 IST">
      <class name="com.CFAAutomation.tests.TC_Campign_Tests">
        <test-method status="PASS" signature="test1()[pri:0, instance:com.CFAAutomation.tests.TC_Campign_Tests@15d0c81b]" name="test1" duration-ms="23" started-at="2021-03-09T09:35:01 IST" finished-at="2021-03-09T09:35:01 IST">
          <reporter-output>
          </reporter-output>
        </test-method> <!-- test1 -->
        <test-method status="PASS" signature="test2()[pri:0, instance:com.CFAAutomation.tests.TC_Campign_Tests@15d0c81b]" name="test2" duration-ms="5" started-at="2021-03-09T09:35:01 IST" finished-at="2021-03-09T09:35:01 IST">
          <reporter-output>
          </reporter-output>
        </test-method> <!-- test2 -->
      </class> <!-- com.CFAAutomation.tests.TC_Campign_Tests -->
    </test> <!-- Test -->
  </suite> <!-- Suite -->
</testng-results>
